<?xml version="1.0" encoding="UTF-8"?>
<testng-results skipped="0" failed="0" ignored="0" total="2" passed="2">
  <reporter-output>
  </reporter-output>
  <suite name="Default suite" duration-ms="26644" started-at="2018-07-21T15:30:05Z" finished-at="2018-07-21T15:30:31Z">
    <groups>
    </groups>
    <test name="Default test" duration-ms="26644" started-at="2018-07-21T15:30:05Z" finished-at="2018-07-21T15:30:31Z">
      <class name="com.testCase.Amaz">
        <test-method status="PASS" signature="setup()[pri:0, instance:com.testCase.Amaz@4678c730]" name="setup" is-config="true" duration-ms="17276" started-at="2018-07-21T21:00:05Z" finished-at="2018-07-21T21:00:22Z">
          <reporter-output>
          </reporter-output>
        </test-method> <!-- setup -->
        <test-method status="PASS" signature="BtnClick()[pri:0, instance:com.testCase.Amaz@4678c730]" name="BtnClick" duration-ms="209" started-at="2018-07-21T21:00:22Z" finished-at="2018-07-21T21:00:22Z">
          <reporter-output>
          </reporter-output>
        </test-method> <!-- BtnClick -->
        <test-method status="PASS" signature="down()[pri:0, instance:com.testCase.Amaz@4678c730]" name="down" is-config="true" duration-ms="901" started-at="2018-07-21T21:00:22Z" finished-at="2018-07-21T21:00:23Z">
          <reporter-output>
          </reporter-output>
        </test-method> <!-- down -->
        <test-method status="PASS" signature="setup()[pri:0, instance:com.testCase.Amaz@4678c730]" name="setup" is-config="true" duration-ms="7365" started-at="2018-07-21T21:00:23Z" finished-at="2018-07-21T21:00:31Z">
          <reporter-output>
          </reporter-output>
        </test-method> <!-- setup -->
        <test-method status="PASS" signature="titleTest()[pri:0, instance:com.testCase.Amaz@4678c730]" name="titleTest" duration-ms="115" started-at="2018-07-21T21:00:31Z" finished-at="2018-07-21T21:00:31Z">
          <reporter-output>
          </reporter-output>
        </test-method> <!-- titleTest -->
        <test-method status="PASS" signature="down()[pri:0, instance:com.testCase.Amaz@4678c730]" name="down" is-config="true" duration-ms="718" started-at="2018-07-21T21:00:31Z" finished-at="2018-07-21T21:00:31Z">
          <reporter-output>
          </reporter-output>
        </test-method> <!-- down -->
      </class> <!-- com.testCase.Amaz -->
    </test> <!-- Default test -->
  </suite> <!-- Default suite -->
</testng-results>
